[2021-04-14 20:02:08,918] INFO Starting the log cleaner (kafka.log.LogCleaner)
[2021-04-14 20:02:08,981] INFO [kafka-log-cleaner-thread-0]: Starting (kafka.log.LogCleaner)
[2021-04-14 20:04:31,387] INFO Starting the log cleaner (kafka.log.LogCleaner)
[2021-04-14 20:04:31,451] INFO [kafka-log-cleaner-thread-0]: Starting (kafka.log.LogCleaner)
[2021-04-14 20:04:37,192] INFO Shutting down the log cleaner. (kafka.log.LogCleaner)
[2021-04-14 20:04:37,194] INFO [kafka-log-cleaner-thread-0]: Shutting down (kafka.log.LogCleaner)
[2021-04-14 20:04:37,194] INFO [kafka-log-cleaner-thread-0]: Stopped (kafka.log.LogCleaner)
[2021-04-14 20:04:37,194] INFO [kafka-log-cleaner-thread-0]: Shutdown completed (kafka.log.LogCleaner)
[2021-04-14 20:07:15,459] INFO Starting the log cleaner (kafka.log.LogCleaner)
[2021-04-14 20:07:15,517] INFO [kafka-log-cleaner-thread-0]: Starting (kafka.log.LogCleaner)
[2021-04-14 20:09:13,898] INFO Starting the log cleaner (kafka.log.LogCleaner)
[2021-04-14 20:09:13,962] INFO [kafka-log-cleaner-thread-0]: Starting (kafka.log.LogCleaner)
[2021-04-14 20:09:19,724] INFO Shutting down the log cleaner. (kafka.log.LogCleaner)
[2021-04-14 20:09:19,725] INFO [kafka-log-cleaner-thread-0]: Shutting down (kafka.log.LogCleaner)
[2021-04-14 20:09:19,725] INFO [kafka-log-cleaner-thread-0]: Stopped (kafka.log.LogCleaner)
[2021-04-14 20:09:19,725] INFO [kafka-log-cleaner-thread-0]: Shutdown completed (kafka.log.LogCleaner)
[2021-04-14 20:10:06,686] INFO Starting the log cleaner (kafka.log.LogCleaner)
[2021-04-14 20:10:06,748] INFO [kafka-log-cleaner-thread-0]: Starting (kafka.log.LogCleaner)
[2021-04-14 20:12:36,714] INFO Starting the log cleaner (kafka.log.LogCleaner)
[2021-04-14 20:12:36,775] INFO [kafka-log-cleaner-thread-0]: Starting (kafka.log.LogCleaner)
[2021-04-14 20:13:10,285] INFO Starting the log cleaner (kafka.log.LogCleaner)
[2021-04-14 20:13:10,347] INFO [kafka-log-cleaner-thread-0]: Starting (kafka.log.LogCleaner)
[2021-04-14 20:13:16,280] INFO Shutting down the log cleaner. (kafka.log.LogCleaner)
[2021-04-14 20:13:16,280] INFO [kafka-log-cleaner-thread-0]: Shutting down (kafka.log.LogCleaner)
[2021-04-14 20:13:16,280] INFO [kafka-log-cleaner-thread-0]: Stopped (kafka.log.LogCleaner)
[2021-04-14 20:13:16,281] INFO [kafka-log-cleaner-thread-0]: Shutdown completed (kafka.log.LogCleaner)
[2021-04-14 20:13:44,049] INFO Starting the log cleaner (kafka.log.LogCleaner)
[2021-04-14 20:13:44,111] INFO [kafka-log-cleaner-thread-0]: Starting (kafka.log.LogCleaner)
[2021-04-14 20:13:49,812] INFO Shutting down the log cleaner. (kafka.log.LogCleaner)
[2021-04-14 20:13:49,813] INFO [kafka-log-cleaner-thread-0]: Shutting down (kafka.log.LogCleaner)
[2021-04-14 20:13:49,813] INFO [kafka-log-cleaner-thread-0]: Stopped (kafka.log.LogCleaner)
[2021-04-14 20:13:49,813] INFO [kafka-log-cleaner-thread-0]: Shutdown completed (kafka.log.LogCleaner)
[2021-04-14 20:14:33,977] INFO Starting the log cleaner (kafka.log.LogCleaner)
[2021-04-14 20:14:34,040] INFO [kafka-log-cleaner-thread-0]: Starting (kafka.log.LogCleaner)
[2021-04-14 20:16:31,649] INFO Shutting down the log cleaner. (kafka.log.LogCleaner)
[2021-04-14 20:16:31,650] INFO [kafka-log-cleaner-thread-0]: Shutting down (kafka.log.LogCleaner)
[2021-04-14 20:16:31,650] INFO [kafka-log-cleaner-thread-0]: Stopped (kafka.log.LogCleaner)
[2021-04-14 20:16:31,650] INFO [kafka-log-cleaner-thread-0]: Shutdown completed (kafka.log.LogCleaner)
[2021-04-14 20:17:55,714] INFO Starting the log cleaner (kafka.log.LogCleaner)
[2021-04-14 20:17:55,782] INFO [kafka-log-cleaner-thread-0]: Starting (kafka.log.LogCleaner)
[2021-04-14 20:20:37,873] INFO Starting the log cleaner (kafka.log.LogCleaner)
[2021-04-14 20:20:37,930] INFO [kafka-log-cleaner-thread-0]: Starting (kafka.log.LogCleaner)
[2021-04-14 20:20:43,799] INFO Shutting down the log cleaner. (kafka.log.LogCleaner)
[2021-04-14 20:20:43,799] INFO [kafka-log-cleaner-thread-0]: Shutting down (kafka.log.LogCleaner)
[2021-04-14 20:20:43,800] INFO [kafka-log-cleaner-thread-0]: Stopped (kafka.log.LogCleaner)
[2021-04-14 20:20:43,800] INFO [kafka-log-cleaner-thread-0]: Shutdown completed (kafka.log.LogCleaner)
[2021-04-14 20:21:50,868] INFO Starting the log cleaner (kafka.log.LogCleaner)
[2021-04-14 20:21:50,932] INFO [kafka-log-cleaner-thread-0]: Starting (kafka.log.LogCleaner)
[2021-04-14 20:24:55,772] INFO Starting the log cleaner (kafka.log.LogCleaner)
[2021-04-14 20:24:55,827] INFO [kafka-log-cleaner-thread-0]: Starting (kafka.log.LogCleaner)
[2021-04-14 20:25:01,478] INFO Shutting down the log cleaner. (kafka.log.LogCleaner)
[2021-04-14 20:25:01,479] INFO [kafka-log-cleaner-thread-0]: Shutting down (kafka.log.LogCleaner)
[2021-04-14 20:25:01,479] INFO [kafka-log-cleaner-thread-0]: Stopped (kafka.log.LogCleaner)
[2021-04-14 20:25:01,479] INFO [kafka-log-cleaner-thread-0]: Shutdown completed (kafka.log.LogCleaner)
[2021-04-14 20:28:43,476] INFO Starting the log cleaner (kafka.log.LogCleaner)
[2021-04-14 20:28:43,538] INFO [kafka-log-cleaner-thread-0]: Starting (kafka.log.LogCleaner)
[2021-04-14 21:06:35,980] INFO Starting the log cleaner (kafka.log.LogCleaner)
[2021-04-14 21:06:36,036] INFO [kafka-log-cleaner-thread-0]: Starting (kafka.log.LogCleaner)
[2021-04-14 21:06:41,874] INFO Shutting down the log cleaner. (kafka.log.LogCleaner)
[2021-04-14 21:06:41,874] INFO [kafka-log-cleaner-thread-0]: Shutting down (kafka.log.LogCleaner)
[2021-04-14 21:06:41,875] INFO [kafka-log-cleaner-thread-0]: Shutdown completed (kafka.log.LogCleaner)
[2021-04-14 21:06:41,875] INFO [kafka-log-cleaner-thread-0]: Stopped (kafka.log.LogCleaner)
[2021-04-14 21:08:49,070] INFO Starting the log cleaner (kafka.log.LogCleaner)
[2021-04-14 21:08:49,133] INFO [kafka-log-cleaner-thread-0]: Starting (kafka.log.LogCleaner)
