[2021-04-14 20:02:14,278] TRACE [Controller id=0 epoch=4] Changed state of replica 0 for partition twitter-0 from OnlineReplica to OnlineReplica (state.change.logger)
[2021-04-14 20:02:14,284] TRACE [Controller id=0 epoch=4] Sending become-leader LeaderAndIsr request LeaderAndIsrPartitionState(topicName='twitter', partitionIndex=0, controllerEpoch=1, leader=0, leaderEpoch=0, isr=[0], zkVersion=0, replicas=[0], addingReplicas=[], removingReplicas=[], isNew=false) to broker 0 for partition twitter-0 (state.change.logger)
[2021-04-14 20:02:14,290] TRACE [Controller id=0 epoch=4] Sending UpdateMetadata request UpdateMetadataPartitionState(topicName='twitter', partitionIndex=0, controllerEpoch=1, leader=0, leaderEpoch=0, isr=[0], zkVersion=0, replicas=[0], offlineReplicas=[]) to brokers HashSet(0) for partition twitter-0 (state.change.logger)
[2021-04-14 20:02:14,392] TRACE [Controller id=0 epoch=4] Received response {error_code=0,_tagged_fields={}} for request UPDATE_METADATA with correlation id 0 sent to broker DESKTOP-N4251U6:9092 (id: 0 rack: null) (state.change.logger)
[2021-04-14 20:02:14,401] TRACE [Broker id=0] Received LeaderAndIsr request LeaderAndIsrPartitionState(topicName='twitter', partitionIndex=0, controllerEpoch=1, leader=0, leaderEpoch=0, isr=[0], zkVersion=0, replicas=[0], addingReplicas=[], removingReplicas=[], isNew=false) correlation id 1 from controller 0 epoch 4 (state.change.logger)
[2021-04-14 20:02:14,421] TRACE [Broker id=0] Handling LeaderAndIsr request correlationId 1 from controller 0 epoch 4 starting the become-leader transition for partition twitter-0 (state.change.logger)
[2021-04-14 20:02:14,446] TRACE [Broker id=0] Stopped fetchers as part of become-leader request from controller 0 epoch 4 with correlation id 1 for partition twitter-0 (last update controller epoch 1) (state.change.logger)
[2021-04-14 20:02:14,447] TRACE [Broker id=0] Completed LeaderAndIsr request correlationId 1 from controller 0 epoch 4 for the become-leader transition for partition twitter-0 (state.change.logger)
[2021-04-14 20:02:14,459] TRACE [Controller id=0 epoch=4] Received response {error_code=0,partition_errors=[{topic_name=twitter,partition_index=0,error_code=0,_tagged_fields={}}],_tagged_fields={}} for request LEADER_AND_ISR with correlation id 1 sent to broker DESKTOP-N4251U6:9092 (id: 0 rack: null) (state.change.logger)
[2021-04-14 20:02:14,467] TRACE [Broker id=0] Cached leader info UpdateMetadataPartitionState(topicName='twitter', partitionIndex=0, controllerEpoch=1, leader=0, leaderEpoch=0, isr=[0], zkVersion=0, replicas=[0], offlineReplicas=[]) for partition twitter-0 in response to UpdateMetadata request sent by controller 0 epoch 4 with correlation id 2 (state.change.logger)
[2021-04-14 20:02:14,468] TRACE [Controller id=0 epoch=4] Received response {error_code=0,_tagged_fields={}} for request UPDATE_METADATA with correlation id 2 sent to broker DESKTOP-N4251U6:9092 (id: 0 rack: null) (state.change.logger)
[2021-04-14 20:04:25,430] DEBUG preRegister called. Server=com.sun.jmx.mbeanserver.JmxMBeanServer@66d3c617, name=log4j:logger=state.change.logger (state.change.logger)
[2021-04-14 20:07:09,503] DEBUG preRegister called. Server=com.sun.jmx.mbeanserver.JmxMBeanServer@66d3c617, name=log4j:logger=state.change.logger (state.change.logger)
[2021-04-14 20:07:20,712] TRACE [Controller id=0 epoch=5] Changed state of replica 0 for partition twitter-0 from OnlineReplica to OnlineReplica (state.change.logger)
[2021-04-14 20:07:20,714] TRACE [Controller id=0 epoch=5] Sending become-leader LeaderAndIsr request LeaderAndIsrPartitionState(topicName='twitter', partitionIndex=0, controllerEpoch=1, leader=0, leaderEpoch=0, isr=[0], zkVersion=0, replicas=[0], addingReplicas=[], removingReplicas=[], isNew=false) to broker 0 for partition twitter-0 (state.change.logger)
[2021-04-14 20:07:20,718] TRACE [Controller id=0 epoch=5] Sending UpdateMetadata request UpdateMetadataPartitionState(topicName='twitter', partitionIndex=0, controllerEpoch=1, leader=0, leaderEpoch=0, isr=[0], zkVersion=0, replicas=[0], offlineReplicas=[]) to brokers HashSet(0) for partition twitter-0 (state.change.logger)
[2021-04-14 20:07:20,816] TRACE [Controller id=0 epoch=5] Received response {error_code=0,_tagged_fields={}} for request UPDATE_METADATA with correlation id 0 sent to broker DESKTOP-N4251U6:9092 (id: 0 rack: null) (state.change.logger)
[2021-04-14 20:07:20,824] TRACE [Broker id=0] Received LeaderAndIsr request LeaderAndIsrPartitionState(topicName='twitter', partitionIndex=0, controllerEpoch=1, leader=0, leaderEpoch=0, isr=[0], zkVersion=0, replicas=[0], addingReplicas=[], removingReplicas=[], isNew=false) correlation id 1 from controller 0 epoch 5 (state.change.logger)
[2021-04-14 20:07:20,847] TRACE [Broker id=0] Handling LeaderAndIsr request correlationId 1 from controller 0 epoch 5 starting the become-leader transition for partition twitter-0 (state.change.logger)
[2021-04-14 20:07:20,873] TRACE [Broker id=0] Stopped fetchers as part of become-leader request from controller 0 epoch 5 with correlation id 1 for partition twitter-0 (last update controller epoch 1) (state.change.logger)
[2021-04-14 20:07:20,874] TRACE [Broker id=0] Completed LeaderAndIsr request correlationId 1 from controller 0 epoch 5 for the become-leader transition for partition twitter-0 (state.change.logger)
[2021-04-14 20:07:20,883] TRACE [Controller id=0 epoch=5] Received response {error_code=0,partition_errors=[{topic_name=twitter,partition_index=0,error_code=0,_tagged_fields={}}],_tagged_fields={}} for request LEADER_AND_ISR with correlation id 1 sent to broker DESKTOP-N4251U6:9092 (id: 0 rack: null) (state.change.logger)
[2021-04-14 20:07:20,890] TRACE [Broker id=0] Cached leader info UpdateMetadataPartitionState(topicName='twitter', partitionIndex=0, controllerEpoch=1, leader=0, leaderEpoch=0, isr=[0], zkVersion=0, replicas=[0], offlineReplicas=[]) for partition twitter-0 in response to UpdateMetadata request sent by controller 0 epoch 5 with correlation id 2 (state.change.logger)
[2021-04-14 20:07:20,891] TRACE [Controller id=0 epoch=5] Received response {error_code=0,_tagged_fields={}} for request UPDATE_METADATA with correlation id 2 sent to broker DESKTOP-N4251U6:9092 (id: 0 rack: null) (state.change.logger)
[2021-04-14 20:08:55,192] DEBUG preRegister called. Server=com.sun.jmx.mbeanserver.JmxMBeanServer@66d3c617, name=log4j:logger=state.change.logger (state.change.logger)
[2021-04-14 20:09:07,955] DEBUG preRegister called. Server=com.sun.jmx.mbeanserver.JmxMBeanServer@66d3c617, name=log4j:logger=state.change.logger (state.change.logger)
[2021-04-14 20:10:00,711] DEBUG preRegister called. Server=com.sun.jmx.mbeanserver.JmxMBeanServer@66d3c617, name=log4j:logger=state.change.logger (state.change.logger)
[2021-04-14 20:10:12,031] TRACE [Controller id=0 epoch=6] Changed state of replica 0 for partition twitter-0 from OnlineReplica to OnlineReplica (state.change.logger)
[2021-04-14 20:10:12,033] TRACE [Controller id=0 epoch=6] Sending become-leader LeaderAndIsr request LeaderAndIsrPartitionState(topicName='twitter', partitionIndex=0, controllerEpoch=1, leader=0, leaderEpoch=0, isr=[0], zkVersion=0, replicas=[0], addingReplicas=[], removingReplicas=[], isNew=false) to broker 0 for partition twitter-0 (state.change.logger)
[2021-04-14 20:10:12,039] TRACE [Controller id=0 epoch=6] Sending UpdateMetadata request UpdateMetadataPartitionState(topicName='twitter', partitionIndex=0, controllerEpoch=1, leader=0, leaderEpoch=0, isr=[0], zkVersion=0, replicas=[0], offlineReplicas=[]) to brokers HashSet(0) for partition twitter-0 (state.change.logger)
[2021-04-14 20:10:12,138] TRACE [Controller id=0 epoch=6] Received response {error_code=0,_tagged_fields={}} for request UPDATE_METADATA with correlation id 0 sent to broker DESKTOP-N4251U6:9092 (id: 0 rack: null) (state.change.logger)
[2021-04-14 20:10:12,146] TRACE [Broker id=0] Received LeaderAndIsr request LeaderAndIsrPartitionState(topicName='twitter', partitionIndex=0, controllerEpoch=1, leader=0, leaderEpoch=0, isr=[0], zkVersion=0, replicas=[0], addingReplicas=[], removingReplicas=[], isNew=false) correlation id 1 from controller 0 epoch 6 (state.change.logger)
[2021-04-14 20:10:12,166] TRACE [Broker id=0] Handling LeaderAndIsr request correlationId 1 from controller 0 epoch 6 starting the become-leader transition for partition twitter-0 (state.change.logger)
[2021-04-14 20:10:12,191] TRACE [Broker id=0] Stopped fetchers as part of become-leader request from controller 0 epoch 6 with correlation id 1 for partition twitter-0 (last update controller epoch 1) (state.change.logger)
[2021-04-14 20:10:12,192] TRACE [Broker id=0] Completed LeaderAndIsr request correlationId 1 from controller 0 epoch 6 for the become-leader transition for partition twitter-0 (state.change.logger)
[2021-04-14 20:10:12,205] TRACE [Controller id=0 epoch=6] Received response {error_code=0,partition_errors=[{topic_name=twitter,partition_index=0,error_code=0,_tagged_fields={}}],_tagged_fields={}} for request LEADER_AND_ISR with correlation id 1 sent to broker DESKTOP-N4251U6:9092 (id: 0 rack: null) (state.change.logger)
[2021-04-14 20:10:12,211] TRACE [Broker id=0] Cached leader info UpdateMetadataPartitionState(topicName='twitter', partitionIndex=0, controllerEpoch=1, leader=0, leaderEpoch=0, isr=[0], zkVersion=0, replicas=[0], offlineReplicas=[]) for partition twitter-0 in response to UpdateMetadata request sent by controller 0 epoch 6 with correlation id 2 (state.change.logger)
[2021-04-14 20:10:12,212] TRACE [Controller id=0 epoch=6] Received response {error_code=0,_tagged_fields={}} for request UPDATE_METADATA with correlation id 2 sent to broker DESKTOP-N4251U6:9092 (id: 0 rack: null) (state.change.logger)
[2021-04-14 20:12:30,716] DEBUG preRegister called. Server=com.sun.jmx.mbeanserver.JmxMBeanServer@66d3c617, name=log4j:logger=state.change.logger (state.change.logger)
[2021-04-14 20:13:04,299] DEBUG preRegister called. Server=com.sun.jmx.mbeanserver.JmxMBeanServer@66d3c617, name=log4j:logger=state.change.logger (state.change.logger)
[2021-04-14 20:13:38,198] DEBUG preRegister called. Server=com.sun.jmx.mbeanserver.JmxMBeanServer@66d3c617, name=log4j:logger=state.change.logger (state.change.logger)
[2021-04-14 20:14:27,945] DEBUG preRegister called. Server=com.sun.jmx.mbeanserver.JmxMBeanServer@66d3c617, name=log4j:logger=state.change.logger (state.change.logger)
[2021-04-14 20:14:38,435] DEBUG preRegister called. Server=com.sun.jmx.mbeanserver.JmxMBeanServer@66d3c617, name=log4j:logger=state.change.logger (state.change.logger)
[2021-04-14 20:14:39,433] TRACE [Controller id=0 epoch=7] Changed state of replica 0 for partition twitter-0 from OnlineReplica to OnlineReplica (state.change.logger)
[2021-04-14 20:14:39,436] TRACE [Controller id=0 epoch=7] Sending become-leader LeaderAndIsr request LeaderAndIsrPartitionState(topicName='twitter', partitionIndex=0, controllerEpoch=1, leader=0, leaderEpoch=0, isr=[0], zkVersion=0, replicas=[0], addingReplicas=[], removingReplicas=[], isNew=false) to broker 0 for partition twitter-0 (state.change.logger)
[2021-04-14 20:14:39,441] TRACE [Controller id=0 epoch=7] Sending UpdateMetadata request UpdateMetadataPartitionState(topicName='twitter', partitionIndex=0, controllerEpoch=1, leader=0, leaderEpoch=0, isr=[0], zkVersion=0, replicas=[0], offlineReplicas=[]) to brokers HashSet(0) for partition twitter-0 (state.change.logger)
[2021-04-14 20:14:39,546] TRACE [Controller id=0 epoch=7] Received response {error_code=0,_tagged_fields={}} for request UPDATE_METADATA with correlation id 0 sent to broker DESKTOP-N4251U6:9092 (id: 0 rack: null) (state.change.logger)
[2021-04-14 20:14:39,555] TRACE [Broker id=0] Received LeaderAndIsr request LeaderAndIsrPartitionState(topicName='twitter', partitionIndex=0, controllerEpoch=1, leader=0, leaderEpoch=0, isr=[0], zkVersion=0, replicas=[0], addingReplicas=[], removingReplicas=[], isNew=false) correlation id 1 from controller 0 epoch 7 (state.change.logger)
[2021-04-14 20:14:39,583] TRACE [Broker id=0] Handling LeaderAndIsr request correlationId 1 from controller 0 epoch 7 starting the become-leader transition for partition twitter-0 (state.change.logger)
[2021-04-14 20:14:39,613] TRACE [Broker id=0] Stopped fetchers as part of become-leader request from controller 0 epoch 7 with correlation id 1 for partition twitter-0 (last update controller epoch 1) (state.change.logger)
[2021-04-14 20:14:39,614] TRACE [Broker id=0] Completed LeaderAndIsr request correlationId 1 from controller 0 epoch 7 for the become-leader transition for partition twitter-0 (state.change.logger)
[2021-04-14 20:14:39,629] TRACE [Controller id=0 epoch=7] Received response {error_code=0,partition_errors=[{topic_name=twitter,partition_index=0,error_code=0,_tagged_fields={}}],_tagged_fields={}} for request LEADER_AND_ISR with correlation id 1 sent to broker DESKTOP-N4251U6:9092 (id: 0 rack: null) (state.change.logger)
[2021-04-14 20:14:39,638] TRACE [Broker id=0] Cached leader info UpdateMetadataPartitionState(topicName='twitter', partitionIndex=0, controllerEpoch=1, leader=0, leaderEpoch=0, isr=[0], zkVersion=0, replicas=[0], offlineReplicas=[]) for partition twitter-0 in response to UpdateMetadata request sent by controller 0 epoch 7 with correlation id 2 (state.change.logger)
[2021-04-14 20:14:39,639] TRACE [Controller id=0 epoch=7] Received response {error_code=0,_tagged_fields={}} for request UPDATE_METADATA with correlation id 2 sent to broker DESKTOP-N4251U6:9092 (id: 0 rack: null) (state.change.logger)
[2021-04-14 20:16:25,625] DEBUG preRegister called. Server=com.sun.jmx.mbeanserver.JmxMBeanServer@66d3c617, name=log4j:logger=state.change.logger (state.change.logger)
[2021-04-14 20:17:49,530] DEBUG preRegister called. Server=com.sun.jmx.mbeanserver.JmxMBeanServer@66d3c617, name=log4j:logger=state.change.logger (state.change.logger)
[2021-04-14 20:18:01,380] TRACE [Controller id=0 epoch=8] Changed state of replica 0 for partition twitter-0 from OnlineReplica to OnlineReplica (state.change.logger)
[2021-04-14 20:18:01,383] TRACE [Controller id=0 epoch=8] Sending become-leader LeaderAndIsr request LeaderAndIsrPartitionState(topicName='twitter', partitionIndex=0, controllerEpoch=1, leader=0, leaderEpoch=0, isr=[0], zkVersion=0, replicas=[0], addingReplicas=[], removingReplicas=[], isNew=false) to broker 0 for partition twitter-0 (state.change.logger)
[2021-04-14 20:18:01,385] TRACE [Controller id=0 epoch=8] Sending UpdateMetadata request UpdateMetadataPartitionState(topicName='twitter', partitionIndex=0, controllerEpoch=1, leader=0, leaderEpoch=0, isr=[0], zkVersion=0, replicas=[0], offlineReplicas=[]) to brokers HashSet(0) for partition twitter-0 (state.change.logger)
[2021-04-14 20:18:01,500] TRACE [Controller id=0 epoch=8] Received response {error_code=0,_tagged_fields={}} for request UPDATE_METADATA with correlation id 0 sent to broker DESKTOP-N4251U6:9092 (id: 0 rack: null) (state.change.logger)
[2021-04-14 20:18:01,509] TRACE [Broker id=0] Received LeaderAndIsr request LeaderAndIsrPartitionState(topicName='twitter', partitionIndex=0, controllerEpoch=1, leader=0, leaderEpoch=0, isr=[0], zkVersion=0, replicas=[0], addingReplicas=[], removingReplicas=[], isNew=false) correlation id 1 from controller 0 epoch 8 (state.change.logger)
[2021-04-14 20:18:01,535] TRACE [Broker id=0] Handling LeaderAndIsr request correlationId 1 from controller 0 epoch 8 starting the become-leader transition for partition twitter-0 (state.change.logger)
[2021-04-14 20:18:01,564] TRACE [Broker id=0] Stopped fetchers as part of become-leader request from controller 0 epoch 8 with correlation id 1 for partition twitter-0 (last update controller epoch 1) (state.change.logger)
[2021-04-14 20:18:01,565] TRACE [Broker id=0] Completed LeaderAndIsr request correlationId 1 from controller 0 epoch 8 for the become-leader transition for partition twitter-0 (state.change.logger)
[2021-04-14 20:18:01,577] TRACE [Controller id=0 epoch=8] Received response {error_code=0,partition_errors=[{topic_name=twitter,partition_index=0,error_code=0,_tagged_fields={}}],_tagged_fields={}} for request LEADER_AND_ISR with correlation id 1 sent to broker DESKTOP-N4251U6:9092 (id: 0 rack: null) (state.change.logger)
[2021-04-14 20:18:01,585] TRACE [Broker id=0] Cached leader info UpdateMetadataPartitionState(topicName='twitter', partitionIndex=0, controllerEpoch=1, leader=0, leaderEpoch=0, isr=[0], zkVersion=0, replicas=[0], offlineReplicas=[]) for partition twitter-0 in response to UpdateMetadata request sent by controller 0 epoch 8 with correlation id 2 (state.change.logger)
[2021-04-14 20:18:01,587] TRACE [Controller id=0 epoch=8] Received response {error_code=0,_tagged_fields={}} for request UPDATE_METADATA with correlation id 2 sent to broker DESKTOP-N4251U6:9092 (id: 0 rack: null) (state.change.logger)
[2021-04-14 20:20:32,012] DEBUG preRegister called. Server=com.sun.jmx.mbeanserver.JmxMBeanServer@66d3c617, name=log4j:logger=state.change.logger (state.change.logger)
[2021-04-14 20:21:44,991] DEBUG preRegister called. Server=com.sun.jmx.mbeanserver.JmxMBeanServer@66d3c617, name=log4j:logger=state.change.logger (state.change.logger)
[2021-04-14 20:21:56,199] TRACE [Controller id=0 epoch=9] Changed state of replica 0 for partition twitter-0 from OnlineReplica to OnlineReplica (state.change.logger)
[2021-04-14 20:21:56,201] TRACE [Controller id=0 epoch=9] Sending become-leader LeaderAndIsr request LeaderAndIsrPartitionState(topicName='twitter', partitionIndex=0, controllerEpoch=1, leader=0, leaderEpoch=0, isr=[0], zkVersion=0, replicas=[0], addingReplicas=[], removingReplicas=[], isNew=false) to broker 0 for partition twitter-0 (state.change.logger)
[2021-04-14 20:21:56,207] TRACE [Controller id=0 epoch=9] Sending UpdateMetadata request UpdateMetadataPartitionState(topicName='twitter', partitionIndex=0, controllerEpoch=1, leader=0, leaderEpoch=0, isr=[0], zkVersion=0, replicas=[0], offlineReplicas=[]) to brokers HashSet(0) for partition twitter-0 (state.change.logger)
[2021-04-14 20:21:56,314] TRACE [Controller id=0 epoch=9] Received response {error_code=0,_tagged_fields={}} for request UPDATE_METADATA with correlation id 0 sent to broker DESKTOP-N4251U6:9092 (id: 0 rack: null) (state.change.logger)
[2021-04-14 20:21:56,323] TRACE [Broker id=0] Received LeaderAndIsr request LeaderAndIsrPartitionState(topicName='twitter', partitionIndex=0, controllerEpoch=1, leader=0, leaderEpoch=0, isr=[0], zkVersion=0, replicas=[0], addingReplicas=[], removingReplicas=[], isNew=false) correlation id 1 from controller 0 epoch 9 (state.change.logger)
[2021-04-14 20:21:56,345] TRACE [Broker id=0] Handling LeaderAndIsr request correlationId 1 from controller 0 epoch 9 starting the become-leader transition for partition twitter-0 (state.change.logger)
[2021-04-14 20:21:56,370] TRACE [Broker id=0] Stopped fetchers as part of become-leader request from controller 0 epoch 9 with correlation id 1 for partition twitter-0 (last update controller epoch 1) (state.change.logger)
[2021-04-14 20:21:56,371] TRACE [Broker id=0] Completed LeaderAndIsr request correlationId 1 from controller 0 epoch 9 for the become-leader transition for partition twitter-0 (state.change.logger)
[2021-04-14 20:21:56,383] TRACE [Controller id=0 epoch=9] Received response {error_code=0,partition_errors=[{topic_name=twitter,partition_index=0,error_code=0,_tagged_fields={}}],_tagged_fields={}} for request LEADER_AND_ISR with correlation id 1 sent to broker DESKTOP-N4251U6:9092 (id: 0 rack: null) (state.change.logger)
[2021-04-14 20:21:56,391] TRACE [Broker id=0] Cached leader info UpdateMetadataPartitionState(topicName='twitter', partitionIndex=0, controllerEpoch=1, leader=0, leaderEpoch=0, isr=[0], zkVersion=0, replicas=[0], offlineReplicas=[]) for partition twitter-0 in response to UpdateMetadata request sent by controller 0 epoch 9 with correlation id 2 (state.change.logger)
[2021-04-14 20:21:56,392] TRACE [Controller id=0 epoch=9] Received response {error_code=0,_tagged_fields={}} for request UPDATE_METADATA with correlation id 2 sent to broker DESKTOP-N4251U6:9092 (id: 0 rack: null) (state.change.logger)
[2021-04-14 20:24:49,873] DEBUG preRegister called. Server=com.sun.jmx.mbeanserver.JmxMBeanServer@66d3c617, name=log4j:logger=state.change.logger (state.change.logger)
[2021-04-14 20:28:37,480] DEBUG preRegister called. Server=com.sun.jmx.mbeanserver.JmxMBeanServer@66d3c617, name=log4j:logger=state.change.logger (state.change.logger)
[2021-04-14 20:28:48,859] TRACE [Controller id=0 epoch=10] Changed state of replica 0 for partition twitter-0 from OnlineReplica to OnlineReplica (state.change.logger)
[2021-04-14 20:28:48,863] TRACE [Controller id=0 epoch=10] Sending become-leader LeaderAndIsr request LeaderAndIsrPartitionState(topicName='twitter', partitionIndex=0, controllerEpoch=1, leader=0, leaderEpoch=0, isr=[0], zkVersion=0, replicas=[0], addingReplicas=[], removingReplicas=[], isNew=false) to broker 0 for partition twitter-0 (state.change.logger)
[2021-04-14 20:28:48,869] TRACE [Controller id=0 epoch=10] Sending UpdateMetadata request UpdateMetadataPartitionState(topicName='twitter', partitionIndex=0, controllerEpoch=1, leader=0, leaderEpoch=0, isr=[0], zkVersion=0, replicas=[0], offlineReplicas=[]) to brokers HashSet(0) for partition twitter-0 (state.change.logger)
[2021-04-14 20:28:48,993] TRACE [Controller id=0 epoch=10] Received response {error_code=0,_tagged_fields={}} for request UPDATE_METADATA with correlation id 0 sent to broker DESKTOP-N4251U6:9092 (id: 0 rack: null) (state.change.logger)
[2021-04-14 20:28:49,001] TRACE [Broker id=0] Received LeaderAndIsr request LeaderAndIsrPartitionState(topicName='twitter', partitionIndex=0, controllerEpoch=1, leader=0, leaderEpoch=0, isr=[0], zkVersion=0, replicas=[0], addingReplicas=[], removingReplicas=[], isNew=false) correlation id 1 from controller 0 epoch 10 (state.change.logger)
[2021-04-14 20:28:49,026] TRACE [Broker id=0] Handling LeaderAndIsr request correlationId 1 from controller 0 epoch 10 starting the become-leader transition for partition twitter-0 (state.change.logger)
[2021-04-14 20:28:49,058] TRACE [Broker id=0] Stopped fetchers as part of become-leader request from controller 0 epoch 10 with correlation id 1 for partition twitter-0 (last update controller epoch 1) (state.change.logger)
[2021-04-14 20:28:49,059] TRACE [Broker id=0] Completed LeaderAndIsr request correlationId 1 from controller 0 epoch 10 for the become-leader transition for partition twitter-0 (state.change.logger)
[2021-04-14 20:28:49,073] TRACE [Controller id=0 epoch=10] Received response {error_code=0,partition_errors=[{topic_name=twitter,partition_index=0,error_code=0,_tagged_fields={}}],_tagged_fields={}} for request LEADER_AND_ISR with correlation id 1 sent to broker DESKTOP-N4251U6:9092 (id: 0 rack: null) (state.change.logger)
[2021-04-14 20:28:49,081] TRACE [Broker id=0] Cached leader info UpdateMetadataPartitionState(topicName='twitter', partitionIndex=0, controllerEpoch=1, leader=0, leaderEpoch=0, isr=[0], zkVersion=0, replicas=[0], offlineReplicas=[]) for partition twitter-0 in response to UpdateMetadata request sent by controller 0 epoch 10 with correlation id 2 (state.change.logger)
[2021-04-14 20:28:49,083] TRACE [Controller id=0 epoch=10] Received response {error_code=0,_tagged_fields={}} for request UPDATE_METADATA with correlation id 2 sent to broker DESKTOP-N4251U6:9092 (id: 0 rack: null) (state.change.logger)
[2021-04-14 21:06:30,100] DEBUG preRegister called. Server=com.sun.jmx.mbeanserver.JmxMBeanServer@66d3c617, name=log4j:logger=state.change.logger (state.change.logger)
[2021-04-14 21:08:12,607] DEBUG preRegister called. Server=com.sun.jmx.mbeanserver.JmxMBeanServer@66d3c617, name=log4j:logger=state.change.logger (state.change.logger)
[2021-04-14 21:08:54,427] TRACE [Controller id=0 epoch=11] Changed state of replica 0 for partition twitter-0 from OnlineReplica to OnlineReplica (state.change.logger)
[2021-04-14 21:08:54,429] TRACE [Controller id=0 epoch=11] Sending become-leader LeaderAndIsr request LeaderAndIsrPartitionState(topicName='twitter', partitionIndex=0, controllerEpoch=1, leader=0, leaderEpoch=0, isr=[0], zkVersion=0, replicas=[0], addingReplicas=[], removingReplicas=[], isNew=false) to broker 0 for partition twitter-0 (state.change.logger)
[2021-04-14 21:08:54,435] TRACE [Controller id=0 epoch=11] Sending UpdateMetadata request UpdateMetadataPartitionState(topicName='twitter', partitionIndex=0, controllerEpoch=1, leader=0, leaderEpoch=0, isr=[0], zkVersion=0, replicas=[0], offlineReplicas=[]) to brokers HashSet(0) for partition twitter-0 (state.change.logger)
[2021-04-14 21:08:54,527] TRACE [Controller id=0 epoch=11] Received response {error_code=0,_tagged_fields={}} for request UPDATE_METADATA with correlation id 0 sent to broker DESKTOP-N4251U6:9092 (id: 0 rack: null) (state.change.logger)
[2021-04-14 21:08:54,534] TRACE [Broker id=0] Received LeaderAndIsr request LeaderAndIsrPartitionState(topicName='twitter', partitionIndex=0, controllerEpoch=1, leader=0, leaderEpoch=0, isr=[0], zkVersion=0, replicas=[0], addingReplicas=[], removingReplicas=[], isNew=false) correlation id 1 from controller 0 epoch 11 (state.change.logger)
[2021-04-14 21:08:54,553] TRACE [Broker id=0] Handling LeaderAndIsr request correlationId 1 from controller 0 epoch 11 starting the become-leader transition for partition twitter-0 (state.change.logger)
[2021-04-14 21:08:54,579] TRACE [Broker id=0] Stopped fetchers as part of become-leader request from controller 0 epoch 11 with correlation id 1 for partition twitter-0 (last update controller epoch 1) (state.change.logger)
[2021-04-14 21:08:54,580] TRACE [Broker id=0] Completed LeaderAndIsr request correlationId 1 from controller 0 epoch 11 for the become-leader transition for partition twitter-0 (state.change.logger)
[2021-04-14 21:08:54,592] TRACE [Controller id=0 epoch=11] Received response {error_code=0,partition_errors=[{topic_name=twitter,partition_index=0,error_code=0,_tagged_fields={}}],_tagged_fields={}} for request LEADER_AND_ISR with correlation id 1 sent to broker DESKTOP-N4251U6:9092 (id: 0 rack: null) (state.change.logger)
[2021-04-14 21:08:54,599] TRACE [Broker id=0] Cached leader info UpdateMetadataPartitionState(topicName='twitter', partitionIndex=0, controllerEpoch=1, leader=0, leaderEpoch=0, isr=[0], zkVersion=0, replicas=[0], offlineReplicas=[]) for partition twitter-0 in response to UpdateMetadata request sent by controller 0 epoch 11 with correlation id 2 (state.change.logger)
[2021-04-14 21:08:54,600] TRACE [Controller id=0 epoch=11] Received response {error_code=0,_tagged_fields={}} for request UPDATE_METADATA with correlation id 2 sent to broker DESKTOP-N4251U6:9092 (id: 0 rack: null) (state.change.logger)
